<?xml version="1.0" encoding="UTF-8"?>
<!-- Generated by org.testng.reporters.JUnitReportReporter -->
<testsuite skipped="0" hostname="05f5da53d4fc" name="org.tests.cartTest" tests="1" failures="0" timestamp="14 Feb 2023 08:28:40 GMT" time="8.850" errors="0">
  <testcase name="addComputerToCart" time="8.850" classname="org.tests.cartTest"/>
</testsuite> <!-- org.tests.cartTest -->
