<?xml version="1.0" encoding="UTF-8"?>
<!-- Generated by org.testng.reporters.JUnitReportReporter -->
<testsuite skipped="0" hostname="cef56e408ff5" name="org.tests.cartTest" tests="1" failures="0" timestamp="13 Feb 2023 10:28:49 GMT" time="21.539" errors="0">
  <testcase name="addComputerToCart" time="21.539" classname="org.tests.cartTest"/>
</testsuite> <!-- org.tests.cartTest -->
