<?xml version="1.0" encoding="UTF-8"?>
<!-- Generated by org.testng.reporters.JUnitReportReporter -->
<testsuite skipped="0" hostname="cef56e408ff5" name="org.tests.loginTest" tests="3" failures="0" timestamp="13 Feb 2023 10:28:49 GMT" time="51.269" errors="0">
  <testcase name="invalidLogin" time="14.380" classname="org.tests.loginTest"/>
  <testcase name="loginFailed" time="17.574" classname="org.tests.loginTest"/>
  <testcase name="validLogin" time="19.315" classname="org.tests.loginTest"/>
</testsuite> <!-- org.tests.loginTest -->
