<?xml version="1.0" encoding="UTF-8"?>
<!-- Generated by org.testng.reporters.JUnitReportReporter -->
<testsuite skipped="0" hostname="cef56e408ff5" name="org.tests.cartTest" tests="1" failures="0" timestamp="08 Feb 2023 08:25:05 GMT" time="13.783" errors="0">
  <testcase name="addComputerToCart" time="13.783" classname="org.tests.cartTest"/>
</testsuite> <!-- org.tests.cartTest -->
