<?xml version="1.0" encoding="UTF-8"?>
<!-- Generated by org.testng.reporters.JUnitReportReporter -->
<testsuite skipped="0" hostname="cef56e408ff5" name="org.tests.loginTest" tests="3" failures="0" timestamp="08 Feb 2023 08:25:06 GMT" time="32.514" errors="0">
  <testcase name="invalidLogin" time="10.114" classname="org.tests.loginTest"/>
  <testcase name="loginFailed" time="10.116" classname="org.tests.loginTest"/>
  <testcase name="validLogin" time="12.284" classname="org.tests.loginTest"/>
</testsuite> <!-- org.tests.loginTest -->
