<?xml version="1.0" encoding="UTF-8"?>
<!-- Generated by org.testng.reporters.JUnitReportReporter -->
<testsuite skipped="0" hostname="05f5da53d4fc" name="org.tests.loginTest" tests="3" failures="0" timestamp="14 Feb 2023 08:28:40 GMT" time="21.621" errors="0">
  <testcase name="loginFailed" time="7.220" classname="org.tests.loginTest"/>
  <testcase name="invalidLogin" time="6.405" classname="org.tests.loginTest"/>
  <testcase name="validLogin" time="7.996" classname="org.tests.loginTest"/>
</testsuite> <!-- org.tests.loginTest -->
